#
# There is insufficient memory for the Java Runtime Environment to continue.
# Native memory allocation (mmap) failed to map 266338304 bytes for Failed to commit area from 0x0000000702600000 to 0x0000000712400000 of length 266338304.
# Possible reasons:
#   The system is out of physical RAM or swap space
#   The process is running with CompressedOops enabled, and the Java Heap may be blocking the growth of the native heap
# Possible solutions:
#   Reduce memory load on the system
#   Increase physical memory or swap space
#   Check if swap backing store is full
#   Decrease Java heap size (-Xmx/-Xms)
#   Decrease number of Java threads
#   Decrease Java thread stack sizes (-Xss)
#   Set larger code cache with -XX:ReservedCodeCacheSize=
# This output file may be truncated or incomplete.
#
#  Out of Memory Error (c:/BuildAgent/work/5ff2f6c26000d570/src/hotspot/os/windows/os_windows.cpp:3281), pid=28992, tid=27632
#
# JRE version:  (11.0.4+10) (build )
# Java VM: OpenJDK 64-Bit Server VM (11.0.4+10-b304.77, mixed mode, aot, sharing, tiered, compressed oops, g1 gc, windows-amd64)
# No core dump will be written. Minidumps are not enabled by default on client versions of Windows
#

---------------  S U M M A R Y ------------

Command Line: org.jetbrains.git4idea.http.GitAskPassApp Username for 'https://github.com': 

Host: Intel(R) Core(TM) i5-7200U CPU @ 2.50GHz, 4 cores, 15G,  Windows 10 , 64 bit Build 18362 (10.0.18362.1350)
Time: Tue Apr  6 11:26:28 2021 Västeuropa, sommartid elapsed time: 0 seconds (0d 0h 0m 0s)

---------------  T H R E A D  ---------------

Current thread (0x00000272d68ed800):  JavaThread "Unknown thread" [_thread_in_vm, id=27632, stack(0x000000d283700000,0x000000d283800000)]

Stack: [0x000000d283700000,0x000000d283800000]
Native frames: (J=compiled Java code, j=interpreted, Vv=VM code, C=native code)
V  [jvm.dll+0x5db31a]
V  [jvm.dll+0x70c395]
V  [jvm.dll+0x70d8b8]
V  [jvm.dll+0x70df83]
V  [jvm.dll+0x23dbb8]
V  [jvm.dll+0x5d8a74]
V  [jvm.dll+0x5cdb05]
V  [jvm.dll+0x2fa5bb]
V  [jvm.dll+0x2fa52a]
V  [jvm.dll+0x2fa402]
V  [jvm.dll+0x2ff2c6]
V  [jvm.dll+0x347893]
V  [jvm.dll+0x347f96]
V  [jvm.dll+0x347993]
V  [jvm.dll+0x2d4e28]
V  [jvm.dll+0x2d5fd7]
V  [jvm.dll+0x6eb717]
V  [jvm.dll+0x6ecf0c]
V  [jvm.dll+0x354fb9]
V  [jvm.dll+0x6d35be]
V  [jvm.dll+0x3bd673]
V  [jvm.dll+0x3bf9f1]
C  [java.exe+0x3763]
C  [java.exe+0x17a0c]
C  [KERNEL32.DLL+0x17c24]
C  [ntdll.dll+0x6d721]


---------------  P R O C E S S  ---------------

Threads class SMR info:
_java_thread_list=0x00000272d6816a10, length=0, elements={
}

Java Threads: ( => current thread )

Other Threads:
  0x00000272d893d000 GCTaskThread "GC Thread#0" [stack: 0x000000d283900000,0x000000d283a00000] [id=28984]
  0x00000272d899b000 ConcurrentGCThread "G1 Main Marker" [stack: 0x000000d283a00000,0x000000d283b00000] [id=28764]
  0x00000272d899c800 ConcurrentGCThread "G1 Conc#0" [stack: 0x000000d283b00000,0x000000d283c00000] [id=28860]

[error occurred during error reporting (printing all threads), id 0xc0000005, EXCEPTION_ACCESS_VIOLATION (0xc0000005) at pc=0x00007ffaf8db5727]

VM state:not at safepoint (not fully initialized)

VM Mutex/Monitor currently owned by a thread:  ([mutex/lock_event])
[0x00000272d89236b0] Heap_lock - owner thread: 0x00000272d68ed800

Heap address: 0x0000000702600000, size: 4058 MB, Compressed Oops mode: Non-zero based: 0x0000000702600000
Narrow klass base: 0x0000000000000000, Narrow klass shift: 0

GC Heap History (0 events):
No events

Deoptimization events (0 events):
No events

Classes redefined (0 events):
No events

Internal exceptions (0 events):
No events

Events (0 events):
No events


Dynamic libraries:
0x00007ff638090000 - 0x00007ff6380d7000 	C:\Program Files\JetBrains\DataGrip 2019.1.3\jbr\bin\java.exe
0x00007ffb63680000 - 0x00007ffb63870000 	C:\WINDOWS\SYSTEM32\ntdll.dll
0x00007ffb62aa0000 - 0x00007ffb62b52000 	C:\WINDOWS\System32\KERNEL32.DLL
0x00007ffb610e0000 - 0x00007ffb61385000 	C:\WINDOWS\System32\KERNELBASE.dll
0x00007ffb61b30000 - 0x00007ffb61cc4000 	C:\WINDOWS\System32\USER32.dll
0x00007ffb610b0000 - 0x00007ffb610d1000 	C:\WINDOWS\System32\win32u.dll
0x00007ffb62c50000 - 0x00007ffb62c76000 	C:\WINDOWS\System32\GDI32.dll
0x00007ffb60640000 - 0x00007ffb607d8000 	C:\WINDOWS\System32\gdi32full.dll
0x00007ffb60810000 - 0x00007ffb608ae000 	C:\WINDOWS\System32\msvcp_win.dll
0x00007ffb61390000 - 0x00007ffb6148a000 	C:\WINDOWS\System32\ucrtbase.dll
0x00007ffb33980000 - 0x00007ffb33c04000 	C:\WINDOWS\WinSxS\amd64_microsoft.windows.common-controls_6595b64144ccf1df_6.0.18362.1440_none_9e7dbfb9e45e8e67\COMCTL32.dll
0x00007ffb62a00000 - 0x00007ffb62a9e000 	C:\WINDOWS\System32\msvcrt.dll
0x00007ffb63170000 - 0x00007ffb634a6000 	C:\WINDOWS\System32\combase.dll
0x00007ffb61730000 - 0x00007ffb6184f000 	C:\WINDOWS\System32\RPCRT4.dll
0x00007ffb61490000 - 0x00007ffb61511000 	C:\WINDOWS\System32\bcryptPrimitives.dll
0x00007ffb62780000 - 0x00007ffb627ae000 	C:\WINDOWS\System32\IMM32.DLL
0x00007ffb1bf30000 - 0x00007ffb1bf47000 	C:\Program Files\JetBrains\DataGrip 2019.1.3\jbr\bin\vcruntime140.dll
0x00007ffb061c0000 - 0x00007ffb0625d000 	C:\Program Files\JetBrains\DataGrip 2019.1.3\jbr\bin\msvcp140.dll
0x00007ffaf8ad0000 - 0x00007ffaf9588000 	C:\Program Files\JetBrains\DataGrip 2019.1.3\jbr\bin\server\jvm.dll
0x00007ffb61d30000 - 0x00007ffb61dd3000 	C:\WINDOWS\System32\ADVAPI32.dll
0x00007ffb627c0000 - 0x00007ffb62857000 	C:\WINDOWS\System32\sechost.dll
0x00007ffb630f0000 - 0x00007ffb630f8000 	C:\WINDOWS\System32\PSAPI.DLL
0x00007ffb4a160000 - 0x00007ffb4a169000 	C:\WINDOWS\SYSTEM32\WSOCK32.dll
0x00007ffb62be0000 - 0x00007ffb62c4f000 	C:\WINDOWS\System32\WS2_32.dll
0x00007ffb5b000000 - 0x00007ffb5b024000 	C:\WINDOWS\SYSTEM32\WINMM.dll
0x00007ffb58180000 - 0x00007ffb5818a000 	C:\WINDOWS\SYSTEM32\VERSION.dll
0x00007ffb5afd0000 - 0x00007ffb5affd000 	C:\WINDOWS\SYSTEM32\WINMMBASE.dll
0x00007ffb605f0000 - 0x00007ffb6063a000 	C:\WINDOWS\System32\cfgmgr32.dll
0x00007ffb605d0000 - 0x00007ffb605e1000 	C:\WINDOWS\System32\kernel.appcore.dll
0x00007ffb2c930000 - 0x00007ffb2c941000 	C:\Program Files\JetBrains\DataGrip 2019.1.3\jbr\bin\verify.dll
0x00007ffb5bde0000 - 0x00007ffb5bfd4000 	C:\WINDOWS\SYSTEM32\DBGHELP.DLL
0x00007ffb57250000 - 0x00007ffb5727a000 	C:\WINDOWS\SYSTEM32\dbgcore.DLL
0x00007ffb280f0000 - 0x00007ffb28119000 	C:\Program Files\JetBrains\DataGrip 2019.1.3\jbr\bin\java.dll
0x00007ffb27e00000 - 0x00007ffb27e17000 	C:\Program Files\JetBrains\DataGrip 2019.1.3\jbr\bin\zip.dll
0x00007ffb58eb0000 - 0x00007ffb58ebb000 	C:\Program Files\JetBrains\DataGrip 2019.1.3\jbr\bin\jimage.dll

dbghelp: loaded successfully - version: 4.0.5 - missing functions: none
symbol engine: initialized successfully - sym options: 0x614 - pdb path: .;C:\Program Files\JetBrains\DataGrip 2019.1.3\jbr\bin;C:\WINDOWS\SYSTEM32;C:\WINDOWS\WinSxS\amd64_microsoft.windows.common-controls_6595b64144ccf1df_6.0.18362.1440_none_9e7dbfb9e45e8e67;C:\Program Files\JetBrains\DataGrip 2019.1.3\jbr\bin\server

VM Arguments:
java_command: org.jetbrains.git4idea.http.GitAskPassApp Username for 'https://github.com': 
java_class_path (initial): C:/Users/crbk01/.DataGrip2019.3/config/plugins/git4idea/lib/git4idea-rt.jar;C:/Program Files/JetBrains/DataGrip 2019.1.3/lib/xmlrpc-2.0.1.jar;C:/Program Files/JetBrains/DataGrip 2019.1.3/lib/commons-codec-1.13.jar;C:/Program Files/JetBrains/DataGrip 2019.1.3/lib/util.jar
Launcher Type: SUN_STANDARD

[Global flags]
     intx CICompilerCount                          = 3                                         {product} {ergonomic}
     uint ConcGCThreads                            = 1                                         {product} {ergonomic}
     uint G1ConcRefinementThreads                  = 4                                         {product} {ergonomic}
   size_t G1HeapRegionSize                         = 1048576                                   {product} {ergonomic}
    uintx GCDrainStackTargetSize                   = 64                                        {product} {ergonomic}
   size_t InitialHeapSize                          = 266338304                                 {product} {ergonomic}
   size_t MarkStackSize                            = 4194304                                   {product} {ergonomic}
   size_t MaxHeapSize                              = 4255121408                                {product} {ergonomic}
   size_t MinHeapDeltaBytes                        = 1048576                                   {product} {ergonomic}
    uintx NonNMethodCodeHeapSize                   = 5830092                                {pd product} {ergonomic}
    uintx NonProfiledCodeHeapSize                  = 122914074                              {pd product} {ergonomic}
    uintx ProfiledCodeHeapSize                     = 122914074                              {pd product} {ergonomic}
    uintx ReservedCodeCacheSize                    = 251658240                              {pd product} {ergonomic}
     bool SegmentedCodeCache                       = true                                      {product} {ergonomic}
     bool UseCompressedClassPointers               = true                                 {lp64_product} {ergonomic}
     bool UseCompressedOops                        = true                                 {lp64_product} {ergonomic}
     bool UseG1GC                                  = true                                      {product} {ergonomic}
     bool UseLargePagesIndividualAllocation        = false                                  {pd product} {ergonomic}

Logging:
Log output configuration:
 #0: stdout all=warning uptime,level,tags
 #1: stderr all=off uptime,level,tags

Environment Variables:
JAVA_HOME=C:\Program Files\AdoptOpenJDK\jre-13.0.1.9-hotspot\
JRE_HOME=C:\Users\crbk01\Documents\JavaJRE;
PATH=C:/Program Files/Git/mingw64/libexec/git-core;C:/Program Files/Git/mingw64/libexec/git-core;C:\Program Files\Git\mingw64\bin;C:\Program Files\Git\usr\bin;H:\bin;C:\Perl64\site\bin;C:\Perl64\bin;C:\Program Files\AdoptOpenJDK\jre-13.0.1.9-hotspot\bin;C:\Users\crbk01\Documents\Graphviz2.38\bin;C:\ProgramData\chocolatey\bin;C:\Program Files\Microsoft SQL Server\130\DTS\Binn\;C:\Program Files (x86)\Microsoft SQL Server\130\Tools\Binn\;C:\Program Files\Microsoft SQL Server\130\Tools\Binn\;C:\Program Files\Git\cmd;C:\WINDOWS\system32;C:\WINDOWS;C:\WINDOWS\System32\Wbem;C:\WINDOWS\System32\WindowsPowerShell\v1.0\;C:\WINDOWS\System32\OpenSSH\;C:\Program Files\dotnet\;C:\Users\crbk01\Documents\Graphviz2.38\bin;C:\Users\crbk01\Documents\Microsoft VS Code\bin;C:\Users\crbk01\AppData\Local\Microsoft\WindowsApps;C:\Users\crbk01\.dotnet\tools
USERNAME=CRBK01
DISPLAY=:0.0
OS=Windows_NT
PROCESSOR_IDENTIFIER=Intel64 Family 6 Model 142 Stepping 9, GenuineIntel



---------------  S Y S T E M  ---------------

OS: Windows 10 , 64 bit Build 18362 (10.0.18362.1350)

CPU:total 4 (initial active 4) (2 cores per cpu, 2 threads per core) family 6 model 142 stepping 9, cmov, cx8, fxsr, mmx, sse, sse2, sse3, ssse3, sse4.1, sse4.2, popcnt, avx, avx2, aes, clmul, erms, 3dnowpref, lzcnt, ht, tsc, tscinvbit, bmi1, bmi2, adx, fma

Memory: 4k page, system-wide physical 16227M (6280M free)
TotalPageFile size 20227M (AvailPageFile size 66M)
current process WorkingSet (physical memory assigned to process): 9M, peak: 9M
current process commit charge ("private bytes"): 52M, peak: 305M

vm_info: OpenJDK 64-Bit Server VM (11.0.4+10-b304.77) for windows-amd64 JRE (11.0.4+10-b304.77), built on Oct 10 2019 15:02:36 by "" with MS VC++ 14.0 (VS2015)

END.
